-------------------------------------------------------------------------------
Test set: steps.runner.TestRunner
-------------------------------------------------------------------------------
Tests run: 1, Failures: 0, Errors: 1, Skipped: 0, Time elapsed: 0.435 s <<< FAILURE! - in steps.runner.TestRunner
initializationError(steps.runner.TestRunner)  Time elapsed: 0.002 s  <<< ERROR!
cucumber.runtime.CucumberException: java.net.URISyntaxException: Illegal character in path at index 13: file:/D:/bhav data2409/Companies/Testing learning/Testing Projects/Workspaces/Eclipse ws/testprojcicd-main/target/test-classes/steps
Caused by: java.net.URISyntaxException: Illegal character in path at index 13: file:/D:/bhav data2409/Companies/Testing learning/Testing Projects/Workspaces/Eclipse ws/testprojcicd-main/target/test-classes/steps

